c:\users\33676\desktop\a2projetpoo-main\vs\prosit6bdd\x64\debug\vc142.pdb
c:\users\33676\desktop\a2projetpoo-main\vs\prosit6bdd\x64\debug\.netframework,version=v4.7.2.assemblyattributes.obj
c:\users\33676\desktop\a2projetpoo-main\vs\prosit6bdd\x64\debug\personne.obj
c:\users\33676\desktop\a2projetpoo-main\vs\prosit6bdd\x64\debug\myform.obj
c:\users\33676\desktop\a2projetpoo-main\vs\prosit6bdd\x64\debug\factures.obj
c:\users\33676\desktop\a2projetpoo-main\vs\prosit6bdd\x64\debug\commande.obj
c:\users\33676\desktop\a2projetpoo-main\vs\prosit6bdd\x64\debug\cl_cad.obj
c:\users\33676\desktop\a2projetpoo-main\vs\prosit6bdd\x64\debug\adresse.obj
c:\users\33676\desktop\a2projetpoo-main\vs\prosit6bdd\x64\debug\prosit6bdd.exe
c:\users\33676\desktop\a2projetpoo-main\vs\prosit6bdd\x64\debug\prosit6bdd.pdb
c:\users\33676\desktop\a2projetpoo-main\vs\prosit6bdd\x64\debug\prosit6bdd.myform.resources
c:\users\33676\desktop\a2projetpoo-main\vs\prosit6bdd\x64\debug\prosit6bdd.exe.metagen
c:\users\33676\desktop\a2projetpoo-main\vs\prosit6bdd\x64\debug\prosit6bdd.tlog\cl.command.1.tlog
c:\users\33676\desktop\a2projetpoo-main\vs\prosit6bdd\x64\debug\prosit6bdd.tlog\cl.read.1.tlog
c:\users\33676\desktop\a2projetpoo-main\vs\prosit6bdd\x64\debug\prosit6bdd.tlog\cl.write.1.tlog
c:\users\33676\desktop\a2projetpoo-main\vs\prosit6bdd\x64\debug\prosit6bdd.tlog\link.command.1.tlog
c:\users\33676\desktop\a2projetpoo-main\vs\prosit6bdd\x64\debug\prosit6bdd.tlog\link.read.1.tlog
c:\users\33676\desktop\a2projetpoo-main\vs\prosit6bdd\x64\debug\prosit6bdd.tlog\link.write.1.tlog
c:\users\33676\desktop\a2projetpoo-main\vs\prosit6bdd\x64\debug\prosit6bdd.tlog\metagen.read.1.tlog
c:\users\33676\desktop\a2projetpoo-main\vs\prosit6bdd\x64\debug\prosit6bdd.tlog\metagen.write.1.tlog
c:\users\33676\desktop\a2projetpoo-main\vs\prosit6bdd\x64\debug\prosit6bdd.tlog\prosit6bdd.write.1u.tlog
